Stopwatch with Productivity Timer/Stopwatch with Productivity Timer/task/build/intermediates/manifest_merge_blame_file/release/manifest-merger-blame-release-report.txt
1<?xml version="1.0" encoding="utf-8"?>
2<manifest xmlns:android="http://schemas.android.com/apk/res/android"
3    package="org.hyperskill.stopwatch"
4    android:versionCode="1"
5    android:versionName="1.0" >
6
7    <uses-sdk
8        android:minSdkVersion="20"
8-->src\main\AndroidManifest.xml
9        android:targetSdkVersion="29" />
9-->src\main\AndroidManifest.xml
10
11    <uses-permission android:name="android.permission.ACCESS_NOTIFICATION_POLICY" />
11-->src\main\AndroidManifest.xml:5:5-85
11-->src\main\AndroidManifest.xml:5:22-82
12    <uses-permission android:name="android.permission.FOREGROUND_SERVICE" />
12-->src\main\AndroidManifest.xml:6:5-77
12-->src\main\AndroidManifest.xml:6:22-74
13
14    <application
14-->src\main\AndroidManifest.xml:8:5-24:19
15        android:allowBackup="true"
15-->src\main\AndroidManifest.xml:9:9-35
16        android:appComponentFactory="androidx.core.app.CoreComponentFactory"
16-->[androidx.core:core:1.6.0] AndroidManifest.xml:24:18-86
17        android:icon="@mipmap/ic_launcher"
17-->src\main\AndroidManifest.xml:10:9-43
18        android:label="@string/app_name"
18-->src\main\AndroidManifest.xml:11:9-41
19        android:roundIcon="@mipmap/ic_launcher_round"
19-->src\main\AndroidManifest.xml:12:9-54
20        android:supportsRtl="true"
20-->src\main\AndroidManifest.xml:13:9-35
21        android:theme="@style/AppTheme" >
21-->src\main\AndroidManifest.xml:14:9-40
22        <activity
22-->src\main\AndroidManifest.xml:15:9-23:20
23            android:name="org.hyperskill.stopwatch.MainActivity"
23-->src\main\AndroidManifest.xml:16:13-65
24            android:exported="true" >
24-->src\main\AndroidManifest.xml:17:13-36
25            <intent-filter>
25-->src\main\AndroidManifest.xml:18:13-22:29
26                <action android:name="android.intent.action.MAIN" />
26-->src\main\AndroidManifest.xml:19:17-69
26-->src\main\AndroidManifest.xml:19:25-66
27
28                <category android:name="android.intent.category.LAUNCHER" />
28-->src\main\AndroidManifest.xml:21:17-77
28-->src\main\AndroidManifest.xml:21:27-74
29            </intent-filter>
30        </activity>
31    </application>
32
33</manifest>